#
# A fatal error has been detected by the Java Runtime Environment:
#
#  EXCEPTION_ACCESS_VIOLATION (0xc0000005) at pc=0x16d80175, pid=10176, tid=0x00002760
#
# JRE version: Java(TM) SE Runtime Environment (8.0_131-b11) (build 1.8.0_131-b11)
# Java VM: Java HotSpot(TM) Client VM (25.131-b11 mixed mode windows-x86 )
# Problematic frame:
# C  [dllrep.dll+0x10175]
#
# Failed to write core dump. Minidumps are not enabled by default on client versions of Windows
#
# If you would like to submit a bug report, please visit:
#   http://bugreport.java.com/bugreport/crash.jsp
# The crash happened outside the Java Virtual Machine in native code.
# See problematic frame for where to report the bug.
#

---------------  T H R E A D  ---------------

Current thread (0x14f44800):  JavaThread "DefaultQuartzScheduler_Worker-2" [_thread_in_native, id=10080, stack(0x15240000,0x15290000)]

siginfo: ExceptionCode=0xc0000005, writing address 0x00000030

Registers:
EAX=0x00000000, EBX=0x00000000, ECX=0x00000000, EDX=0x00000000
ESP=0x1528f0bc, EBP=0x1528f0bc, ESI=0x0035b9d8, EDI=0x1528f100
EIP=0x16d80175, EFLAGS=0x00010246

Top of Stack: (sp=0x1528f0bc)
0x1528f0bc:   1528f104 16d72618 00000000 00000000
0x1528f0cc:   1528f844 00000001 00000000 1528fc6c
0x1528f0dc:   16de2a7b 16defb14 1528f0cc 00000008
0x1528f0ec:   1528f120 00000000 00000000 1528f844
0x1528f0fc:   1528f118 00000000 1528f118 16d3dc25
0x1528f10c:   000cf57c 0035b9d8 00001388 1528f188
0x1528f11c:   16d3d546 16d3d000 1528f160 00000001
0x1528f12c:   0000000c 00000001 1528f844 16d72584 

Instructions: (pc=0x16d80175)
0x16d80155:   5b 8b e5 5d c3 90 90 55 8b ec 8b 45 08 8a 55 0c
0x16d80165:   88 50 28 5d c3 90 90 55 8b ec 8b 45 08 8b 55 0c
0x16d80175:   89 50 30 5d c3 90 90 55 8b ec 8b 45 08 8b 40 30
0x16d80185:   5d c3 90 55 8b ec 8b 45 08 8a 40 28 5d c3 90 55 


Register to memory mapping:

EAX=0x00000000 is an unknown value
EBX=0x00000000 is an unknown value
ECX=0x00000000 is an unknown value
EDX=0x00000000 is an unknown value
ESP=0x1528f0bc is pointing into the stack for thread: 0x14f44800
EBP=0x1528f0bc is pointing into the stack for thread: 0x14f44800
ESI=0x0035b9d8 is an unknown value
EDI=0x1528f100 is pointing into the stack for thread: 0x14f44800


Stack: [0x15240000,0x15290000],  sp=0x1528f0bc,  free space=316k
Native frames: (J=compiled Java code, j=interpreted, Vv=VM code, C=native code)
C  [dllrep.dll+0x10175]
C  [dllrep.dll+0x2618]
C  [jna9183651145874397514.dll+0xdc25]
C  [jna9183651145874397514.dll+0xd546]
C  [jna9183651145874397514.dll+0x2e5e]
C  [jna9183651145874397514.dll+0x54ce]
j  com.sun.jna.Native.invokeInt(JI[Ljava/lang/Object;)I+0
j  com.sun.jna.Function.invoke([Ljava/lang/Object;Ljava/lang/Class;Z)Ljava/lang/Object;+333
j  com.sun.jna.Function.invoke(Ljava/lang/Class;[Ljava/lang/Object;Ljava/util/Map;)Ljava/lang/Object;+214
j  com.sun.jna.Library$Handler.invoke(Ljava/lang/Object;Ljava/lang/reflect/Method;[Ljava/lang/Object;)Ljava/lang/Object;+341
j  com.sun.proxy.$Proxy0.DLLREP_DefineModoIP(ILjava/lang/String;I)I+30
j  br.com.Beans.PtoEquipamentoBeanElgi.procedimento(Lbr/com/Model/PtoEquipamentoElgin;Ljava/lang/Boolean;)Z+71
j  br.com.Core.EquipamentoBuscarConexaoElgin.pegarEventosRelogio(Ljavax/persistence/EntityManager;Ljava/util/Date;)V+184
j  br.com.Core.AgendamentoJobElgin.execute(Lorg/quartz/JobExecutionContext;)V+44
j  org.quartz.core.JobRunShell.run()V+271
j  org.quartz.simpl.SimpleThreadPool$WorkerThread.run()V+62
v  ~StubRoutines::call_stub
V  [jvm.dll+0x15af45]
V  [jvm.dll+0x2213ae]
V  [jvm.dll+0x15afde]
V  [jvm.dll+0x15b166]
V  [jvm.dll+0x15b1d7]
V  [jvm.dll+0xff36f]
V  [jvm.dll+0x17dc30]
V  [jvm.dll+0x17e4aa]
V  [jvm.dll+0x1c2ec6]
C  [msvcr100.dll+0x5c556]
C  [msvcr100.dll+0x5c600]
C  [KERNEL32.DLL+0x17c04]
C  [ntdll.dll+0x5ab8f]
C  [ntdll.dll+0x5ab5a]
C  0x00000000

Java frames: (J=compiled Java code, j=interpreted, Vv=VM code)
j  com.sun.jna.Native.invokeInt(JI[Ljava/lang/Object;)I+0
j  com.sun.jna.Function.invoke([Ljava/lang/Object;Ljava/lang/Class;Z)Ljava/lang/Object;+333
j  com.sun.jna.Function.invoke(Ljava/lang/Class;[Ljava/lang/Object;Ljava/util/Map;)Ljava/lang/Object;+214
j  com.sun.jna.Library$Handler.invoke(Ljava/lang/Object;Ljava/lang/reflect/Method;[Ljava/lang/Object;)Ljava/lang/Object;+341
j  com.sun.proxy.$Proxy0.DLLREP_DefineModoIP(ILjava/lang/String;I)I+30
j  br.com.Beans.PtoEquipamentoBeanElgi.procedimento(Lbr/com/Model/PtoEquipamentoElgin;Ljava/lang/Boolean;)Z+71
j  br.com.Core.EquipamentoBuscarConexaoElgin.pegarEventosRelogio(Ljavax/persistence/EntityManager;Ljava/util/Date;)V+184
j  br.com.Core.AgendamentoJobElgin.execute(Lorg/quartz/JobExecutionContext;)V+44
j  org.quartz.core.JobRunShell.run()V+271
j  org.quartz.simpl.SimpleThreadPool$WorkerThread.run()V+62
v  ~StubRoutines::call_stub

---------------  P R O C E S S  ---------------

Java Threads: ( => current thread )
  0x14f73400 JavaThread "Keep-Alive-Timer" daemon [_thread_blocked, id=1304, stack(0x16ce0000,0x16d30000)]
  0x14f75c00 JavaThread "DestroyJavaVM" [_thread_blocked, id=11628, stack(0x00360000,0x003b0000)]
  0x14f73c00 JavaThread "Timer-0" daemon [_thread_blocked, id=9180, stack(0x157e0000,0x15830000)]
  0x14f76000 JavaThread "DefaultQuartzScheduler_QuartzSchedulerThread" [_thread_blocked, id=3512, stack(0x15750000,0x157a0000)]
  0x14f5d400 JavaThread "DefaultQuartzScheduler_Worker-10" [_thread_blocked, id=1148, stack(0x156c0000,0x15710000)]
  0x14f57400 JavaThread "DefaultQuartzScheduler_Worker-9" [_thread_blocked, id=4820, stack(0x15630000,0x15680000)]
  0x14f55c00 JavaThread "DefaultQuartzScheduler_Worker-8" [_thread_blocked, id=12380, stack(0x155a0000,0x155f0000)]
  0x14f55800 JavaThread "DefaultQuartzScheduler_Worker-7" [_thread_blocked, id=13072, stack(0x15510000,0x15560000)]
  0x14f51400 JavaThread "DefaultQuartzScheduler_Worker-6" [_thread_blocked, id=5772, stack(0x15480000,0x154d0000)]
  0x14f6f800 JavaThread "DefaultQuartzScheduler_Worker-5" [_thread_blocked, id=8644, stack(0x153f0000,0x15440000)]
  0x14f6f400 JavaThread "DefaultQuartzScheduler_Worker-4" [_thread_blocked, id=10172, stack(0x15360000,0x153b0000)]
  0x14f44c00 JavaThread "DefaultQuartzScheduler_Worker-3" [_thread_blocked, id=9756, stack(0x152d0000,0x15320000)]
=>0x14f44800 JavaThread "DefaultQuartzScheduler_Worker-2" [_thread_in_native, id=10080, stack(0x15240000,0x15290000)]
  0x14f47400 JavaThread "DefaultQuartzScheduler_Worker-1" [_thread_in_native, id=3076, stack(0x151b0000,0x15200000)]
  0x14692800 JavaThread "Service Thread" daemon [_thread_blocked, id=7728, stack(0x14b90000,0x14be0000)]
  0x1468f800 JavaThread "C1 CompilerThread0" daemon [_thread_blocked, id=10000, stack(0x14b00000,0x14b50000)]
  0x1468e000 JavaThread "Attach Listener" daemon [_thread_blocked, id=13764, stack(0x14a70000,0x14ac0000)]
  0x1469d000 JavaThread "Signal Dispatcher" daemon [_thread_blocked, id=4544, stack(0x149e0000,0x14a30000)]
  0x1467e000 JavaThread "Finalizer" daemon [_thread_blocked, id=14296, stack(0x14860000,0x148b0000)]
  0x14669400 JavaThread "Reference Handler" daemon [_thread_blocked, id=6128, stack(0x00ce0000,0x00d30000)]

Other Threads:
  0x14663800 VMThread [stack: 0x00b80000,0x00bd0000] [id=11856]
  0x14699400 WatcherThread [stack: 0x14d20000,0x14d70000] [id=11276]

VM state:not at safepoint (normal execution)

VM Mutex/Monitor currently owned by a thread: None

Heap:
 def new generation   total 5056K, used 2675K [0x04200000, 0x04770000, 0x09750000)
  eden space 4544K,  47% used [0x04200000, 0x0441ccc0, 0x04670000)
  from space 512K, 100% used [0x046f0000, 0x04770000, 0x04770000)
  to   space 512K,   0% used [0x04670000, 0x04670000, 0x046f0000)
 tenured generation   total 10944K, used 5117K [0x09750000, 0x0a200000, 0x14200000)
   the space 10944K,  46% used [0x09750000, 0x09c4f460, 0x09c4f600, 0x0a200000)
 Metaspace       used 13340K, capacity 13538K, committed 13696K, reserved 13696K

Card table byte_map: [0x00c10000,0x00ca0000] byte_map_base: 0x00bef000

Polling page: 0x00320000

CodeCache: size=32768Kb used=1724Kb max_used=1724Kb free=31043Kb
 bounds [0x02190000, 0x02340000, 0x04190000]
 total_blobs=813 nmethods=629 adapters=115
 compilation: enabled

Compilation events (10 events):
Event: 6.890 Thread 0x1468f800  628             java.util.ArrayList$Itr::next (66 bytes)
Event: 6.890 Thread 0x1468f800 nmethod 628 0x0233c048 code [0x0233c180, 0x0233c374]
Event: 6.892 Thread 0x1468f800  629             java.lang.Class::getClassLoader0 (5 bytes)
Event: 6.892 Thread 0x1468f800 nmethod 629 0x0233c888 code [0x0233c980, 0x0233ca00]
Event: 6.896 Thread 0x1468f800  630             java.util.regex.Pattern::compile (406 bytes)
Event: 6.897 Thread 0x1468f800 nmethod 630 0x0233ca48 code [0x0233cc40, 0x0233d6ac]
Event: 6.898 Thread 0x1468f800  631             com.sun.org.apache.xerces.internal.util.XMLChar::isContent (35 bytes)
Event: 6.898 Thread 0x1468f800 nmethod 631 0x0233ddc8 code [0x0233dec0, 0x0233dfa0]
Event: 6.898 Thread 0x1468f800  632             com.sun.org.apache.xerces.internal.impl.XMLEntityScanner::scanLiteral (755 bytes)
Event: 6.899 Thread 0x1468f800 nmethod 632 0x0233e048 code [0x0233e210, 0x0233e94c]

GC Heap History (10 events):
Event: 1.928 GC heap before
{Heap before GC invocations=21 (full 2):
 def new generation   total 5056K, used 5055K [0x04200000, 0x04770000, 0x09750000)
  eden space 4544K, 100% used [0x04200000, 0x04670000, 0x04670000)
  from space 512K,  99% used [0x04670000, 0x046efff8, 0x046f0000)
  to   space 512K,   0% used [0x046f0000, 0x046f0000, 0x04770000)
 tenured generation   total 10944K, used 7073K [0x09750000, 0x0a200000, 0x14200000)
   the space 10944K,  64% used [0x09750000, 0x09e38560, 0x09e38600, 0x0a200000)
 Metaspace       used 10496K, capacity 10670K, committed 10752K, reserved 11648K
Event: 1.929 GC heap after
Heap after GC invocations=22 (full 2):
 def new generation   total 5056K, used 511K [0x04200000, 0x04770000, 0x09750000)
  eden space 4544K,   0% used [0x04200000, 0x04200000, 0x04670000)
  from space 512K,  99% used [0x046f0000, 0x0476fff8, 0x04770000)
  to   space 512K,   0% used [0x04670000, 0x04670000, 0x046f0000)
 tenured generation   total 10944K, used 8108K [0x09750000, 0x0a200000, 0x14200000)
   the space 10944K,  74% used [0x09750000, 0x09f3b1e8, 0x09f3b200, 0x0a200000)
 Metaspace       used 10496K, capacity 10670K, committed 10752K, reserved 11648K
}
Event: 1.945 GC heap before
{Heap before GC invocations=22 (full 2):
 def new generation   total 5056K, used 5055K [0x04200000, 0x04770000, 0x09750000)
  eden space 4544K, 100% used [0x04200000, 0x04670000, 0x04670000)
  from space 512K,  99% used [0x046f0000, 0x0476fff8, 0x04770000)
  to   space 512K,   0% used [0x04670000, 0x04670000, 0x046f0000)
 tenured generation   total 10944K, used 8108K [0x09750000, 0x0a200000, 0x14200000)
   the space 10944K,  74% used [0x09750000, 0x09f3b1e8, 0x09f3b200, 0x0a200000)
 Metaspace       used 10496K, capacity 10670K, committed 10752K, reserved 11648K
Event: 1.946 GC heap after
Heap after GC invocations=23 (full 2):
 def new generation   total 5056K, used 511K [0x04200000, 0x04770000, 0x09750000)
  eden space 4544K,   0% used [0x04200000, 0x04200000, 0x04670000)
  from space 512K,  99% used [0x04670000, 0x046efff8, 0x046f0000)
  to   space 512K,   0% used [0x046f0000, 0x046f0000, 0x04770000)
 tenured generation   total 10944K, used 9229K [0x09750000, 0x0a200000, 0x14200000)
   the space 10944K,  84% used [0x09750000, 0x0a0536c8, 0x0a053800, 0x0a200000)
 Metaspace       used 10496K, capacity 10670K, committed 10752K, reserved 11648K
}
Event: 2.119 GC heap before
{Heap before GC invocations=23 (full 2):
 def new generation   total 5056K, used 5055K [0x04200000, 0x04770000, 0x09750000)
  eden space 4544K, 100% used [0x04200000, 0x04670000, 0x04670000)
  from space 512K,  99% used [0x04670000, 0x046efff8, 0x046f0000)
  to   space 512K,   0% used [0x046f0000, 0x046f0000, 0x04770000)
 tenured generation   total 10944K, used 9229K [0x09750000, 0x0a200000, 0x14200000)
   the space 10944K,  84% used [0x09750000, 0x0a0536c8, 0x0a053800, 0x0a200000)
 Metaspace       used 11194K, capacity 11392K, committed 11520K, reserved 11648K
Event: 2.121 GC heap after
Heap after GC invocations=24 (full 2):
 def new generation   total 5056K, used 512K [0x04200000, 0x04770000, 0x09750000)
  eden space 4544K,   0% used [0x04200000, 0x04200000, 0x04670000)
  from space 512K, 100% used [0x046f0000, 0x04770000, 0x04770000)
  to   space 512K,   0% used [0x04670000, 0x04670000, 0x046f0000)
 tenured generation   total 10944K, used 9983K [0x09750000, 0x0a200000, 0x14200000)
   the space 10944K,  91% used [0x09750000, 0x0a10fc88, 0x0a10fe00, 0x0a200000)
 Metaspace       used 11194K, capacity 11392K, committed 11520K, reserved 11648K
}
Event: 2.325 GC heap before
{Heap before GC invocations=24 (full 2):
 def new generation   total 5056K, used 5056K [0x04200000, 0x04770000, 0x09750000)
  eden space 4544K, 100% used [0x04200000, 0x04670000, 0x04670000)
  from space 512K, 100% used [0x046f0000, 0x04770000, 0x04770000)
  to   space 512K,   0% used [0x04670000, 0x04670000, 0x046f0000)
 tenured generation   total 10944K, used 9983K [0x09750000, 0x0a200000, 0x14200000)
   the space 10944K,  91% used [0x09750000, 0x0a10fc88, 0x0a10fe00, 0x0a200000)
 Metaspace       used 12151K, capacity 12352K, committed 12416K, reserved 12672K
Event: 2.337 GC heap after
Heap after GC invocations=25 (full 3):
 def new generation   total 5056K, used 0K [0x04200000, 0x04770000, 0x09750000)
  eden space 4544K,   0% used [0x04200000, 0x04200000, 0x04670000)
  from space 512K,   0% used [0x04670000, 0x04670000, 0x046f0000)
  to   space 512K,   0% used [0x046f0000, 0x046f0000, 0x04770000)
 tenured generation   total 10944K, used 4665K [0x09750000, 0x0a200000, 0x14200000)
   the space 10944K,  42% used [0x09750000, 0x09bde718, 0x09bde800, 0x0a200000)
 Metaspace       used 12151K, capacity 12352K, committed 12416K, reserved 12672K
}
Event: 2.497 GC heap before
{Heap before GC invocations=25 (full 3):
 def new generation   total 5056K, used 4544K [0x04200000, 0x04770000, 0x09750000)
  eden space 4544K, 100% used [0x04200000, 0x04670000, 0x04670000)
  from space 512K,   0% used [0x04670000, 0x04670000, 0x046f0000)
  to   space 512K,   0% used [0x046f0000, 0x046f0000, 0x04770000)
 tenured generation   total 10944K, used 4665K [0x09750000, 0x0a200000, 0x14200000)
   the space 10944K,  42% used [0x09750000, 0x09bde718, 0x09bde800, 0x0a200000)
 Metaspace       used 13119K, capacity 13314K, committed 13440K, reserved 13696K
Event: 2.499 GC heap after
Heap after GC invocations=26 (full 3):
 def new generation   total 5056K, used 512K [0x04200000, 0x04770000, 0x09750000)
  eden space 4544K,   0% used [0x04200000, 0x04200000, 0x04670000)
  from space 512K, 100% used [0x046f0000, 0x04770000, 0x04770000)
  to   space 512K,   0% used [0x04670000, 0x04670000, 0x046f0000)
 tenured generation   total 10944K, used 5117K [0x09750000, 0x0a200000, 0x14200000)
   the space 10944K,  46% used [0x09750000, 0x09c4f460, 0x09c4f600, 0x0a200000)
 Metaspace       used 13119K, capacity 13314K, committed 13440K, reserved 13696K
}

Deoptimization events (0 events):
No events

Internal exceptions (10 events):
Event: 0.935 Thread 0x14f76000 Exception <a 'java/lang/ClassNotFoundException': org/apache/log4j/WriterAppenderCustomizer> (0x045cf6e8) thrown at [C:\re\workspace\8-2-build-windows-i586-cygwin\jdk8u131\8869\hotspot\src\share\vm\classfile\systemDictionary.cpp, line 210]
Event: 0.936 Thread 0x14f76000 Exception <a 'java/lang/ClassNotFoundException': org/apache/log4j/FileAppenderCustomizer> (0x045e55b8) thrown at [C:\re\workspace\8-2-build-windows-i586-cygwin\jdk8u131\8869\hotspot\src\share\vm\classfile\systemDictionary.cpp, line 210]
Event: 0.937 Thread 0x14f76000 Exception <a 'java/lang/ClassNotFoundException': org/apache/log4j/RollingFileAppenderCustomizer> (0x045fba98) thrown at [C:\re\workspace\8-2-build-windows-i586-cygwin\jdk8u131\8869\hotspot\src\share\vm\classfile\systemDictionary.cpp, line 210]
Event: 0.939 Thread 0x14f76000 Exception <a 'java/lang/ClassNotFoundException': br/com/Core/AgendamentoJobElginBeanInfo> (0x04615c58) thrown at [C:\re\workspace\8-2-build-windows-i586-cygwin\jdk8u131\8869\hotspot\src\share\vm\classfile\systemDictionary.cpp, line 210]
Event: 0.939 Thread 0x14f76000 Exception <a 'java/lang/ClassNotFoundException': br/com/Core/AgendamentoJobElginCustomizer> (0x0461fb28) thrown at [C:\re\workspace\8-2-build-windows-i586-cygwin\jdk8u131\8869\hotspot\src\share\vm\classfile\systemDictionary.cpp, line 210]
Event: 1.475 Thread 0x14f47400 Exception <a 'java/lang/NoClassDefFoundError': javax/validation/Validation> (0x0445a5d8) thrown at [C:\re\workspace\8-2-build-windows-i586-cygwin\jdk8u131\8869\hotspot\src\share\vm\classfile\systemDictionary.cpp, line 199]
Event: 1.655 Thread 0x14f73c00 Exception <a 'java/lang/NoSuchFieldError': method resolution failed> (0x0443a610) thrown at [C:\re\workspace\8-2-build-windows-i586-cygwin\jdk8u131\8869\hotspot\src\share\vm\prims\methodHandles.cpp, line 1146]
Event: 1.656 Thread 0x14f73c00 Exception <a 'java/lang/NoSuchFieldError': method resolution failed> (0x0445b5c8) thrown at [C:\re\workspace\8-2-build-windows-i586-cygwin\jdk8u131\8869\hotspot\src\share\vm\prims\methodHandles.cpp, line 1146]
Event: 2.410 Thread 0x14f47400 Exception <a 'java/io/FileNotFoundException'> (0x045eb940) thrown at [C:\re\workspace\8-2-build-windows-i586-cygwin\jdk8u131\8869\hotspot\src\share\vm\prims\jni.cpp, line 709]
Event: 6.880 Thread 0x14f44800 Exception <a 'java/lang/NullPointerException'> (0x042c05d8) thrown at [C:\re\workspace\8-2-build-windows-i586-cygwin\jdk8u131\8869\hotspot\src\share\vm\interpreter\linkResolver.cpp, line 1197]

Events (10 events):
Event: 6.901 Executing VM operation: RevokeBias
Event: 6.901 Executing VM operation: RevokeBias done
Event: 6.901 loading class com/sun/jna/NativeString
Event: 6.901 Executing VM operation: RevokeBias
Event: 6.901 loading class com/sun/jna/NativeString done
Event: 6.901 Executing VM operation: RevokeBias done
Event: 6.902 loading class com/sun/jna/Function$PostCallRead
Event: 6.902 Executing VM operation: RevokeBias
Event: 6.902 Executing VM operation: RevokeBias done
Event: 6.902 loading class com/sun/jna/Function$PostCallRead done


Dynamic libraries:
0x00d50000 - 0x00d83000 	C:\Program Files (x86)\Java\jdk1.8.0_131\bin\java.exe
0x76f10000 - 0x7707f000 	C:\windows\SYSTEM32\ntdll.dll
0x76800000 - 0x76940000 	C:\windows\SYSTEM32\KERNEL32.DLL
0x76d50000 - 0x76e27000 	C:\windows\SYSTEM32\KERNELBASE.dll
0x677d0000 - 0x67870000 	C:\windows\system32\apphelp.dll
0x67c50000 - 0x67eb6000 	C:\windows\AppPatch\AcGenral.DLL
0x74ae0000 - 0x74ba3000 	C:\windows\SYSTEM32\msvcrt.dll
0x74d10000 - 0x74d51000 	C:\windows\SYSTEM32\sechost.dll
0x76d30000 - 0x76d4e000 	C:\windows\SYSTEM32\SspiCli.dll
0x75240000 - 0x75285000 	C:\windows\SYSTEM32\SHLWAPI.dll
0x73560000 - 0x7364d000 	C:\windows\SYSTEM32\UxTheme.dll
0x76b50000 - 0x76ca3000 	C:\windows\SYSTEM32\USER32.dll
0x75000000 - 0x7510e000 	C:\windows\SYSTEM32\GDI32.dll
0x73970000 - 0x73993000 	C:\windows\SYSTEM32\WINMM.dll
0x6fd00000 - 0x6fd13000 	C:\windows\SYSTEM32\samcli.dll
0x75110000 - 0x75239000 	C:\windows\SYSTEM32\ole32.dll
0x76aa0000 - 0x76b37000 	C:\windows\SYSTEM32\OLEAUT32.dll
0x720b0000 - 0x720c7000 	C:\windows\SYSTEM32\MSACM32.dll
0x73960000 - 0x73968000 	C:\windows\SYSTEM32\VERSION.dll
0x75300000 - 0x765bb000 	C:\windows\SYSTEM32\SHELL32.dll
0x74080000 - 0x7409b000 	C:\windows\SYSTEM32\USERENV.dll
0x72090000 - 0x720aa000 	C:\windows\SYSTEM32\dwmapi.dll
0x6f570000 - 0x6f6bb000 	C:\windows\SYSTEM32\urlmon.dll
0x76cb0000 - 0x76d2c000 	C:\windows\SYSTEM32\ADVAPI32.dll
0x739f0000 - 0x73a55000 	C:\windows\SYSTEM32\WINSPOOL.DRV
0x72f50000 - 0x72f66000 	C:\windows\SYSTEM32\MPR.dll
0x74c50000 - 0x74d0a000 	C:\windows\SYSTEM32\RPCRT4.dll
0x746f0000 - 0x746fa000 	C:\windows\SYSTEM32\CRYPTBASE.dll
0x74960000 - 0x74add000 	C:\windows\SYSTEM32\combase.dll
0x737a0000 - 0x737c3000 	C:\windows\SYSTEM32\WINMMBASE.dll
0x74070000 - 0x7407f000 	C:\windows\SYSTEM32\profapi.dll
0x70540000 - 0x70774000 	C:\windows\SYSTEM32\iertutil.dll
0x6dbc0000 - 0x6de6b000 	C:\windows\SYSTEM32\WININET.dll
0x74690000 - 0x746e4000 	C:\windows\SYSTEM32\bcryptPrimitives.dll
0x74d60000 - 0x74d9c000 	C:\windows\SYSTEM32\cfgmgr32.dll
0x73770000 - 0x73791000 	C:\windows\SYSTEM32\DEVOBJ.dll
0x73130000 - 0x731bb000 	C:\windows\SYSTEM32\SHCORE.DLL
0x74da0000 - 0x74dc7000 	C:\windows\system32\IMM32.DLL
0x76940000 - 0x76a52000 	C:\windows\SYSTEM32\MSCTF.dll
0x70330000 - 0x70536000 	C:\windows\WinSxS\x86_microsoft.windows.common-controls_6595b64144ccf1df_6.0.9600.18006_none_a9ec6aab013aafee\COMCTL32.dll
0x50b90000 - 0x50c4f000 	C:\Program Files (x86)\Java\jdk1.8.0_131\jre\bin\msvcr100.dll
0x50360000 - 0x5072e000 	C:\Program Files (x86)\Java\jdk1.8.0_131\jre\bin\client\jvm.dll
0x70280000 - 0x70288000 	C:\windows\SYSTEM32\WSOCK32.dll
0x74950000 - 0x74956000 	C:\windows\SYSTEM32\PSAPI.DLL
0x74700000 - 0x7474f000 	C:\windows\SYSTEM32\WS2_32.dll
0x74c40000 - 0x74c47000 	C:\windows\SYSTEM32\NSI.dll
0x6a7b0000 - 0x6a7bc000 	C:\Program Files (x86)\Java\jdk1.8.0_131\jre\bin\verify.dll
0x6a780000 - 0x6a7a1000 	C:\Program Files (x86)\Java\jdk1.8.0_131\jre\bin\java.dll
0x6a760000 - 0x6a773000 	C:\Program Files (x86)\Java\jdk1.8.0_131\jre\bin\zip.dll
0x50020000 - 0x50040000 	C:\Program Files (x86)\Java\jdk1.8.0_131\jre\bin\sunec.dll
0x5a600000 - 0x5a616000 	C:\Program Files (x86)\Java\jdk1.8.0_131\jre\bin\net.dll
0x736a0000 - 0x736eb000 	C:\windows\system32\mswsock.dll
0x6f120000 - 0x6f140000 	C:\windows\SYSTEM32\IPHLPAPI.DLL
0x6f100000 - 0x6f108000 	C:\windows\SYSTEM32\WINNSI.DLL
0x6ec40000 - 0x6ec53000 	C:\windows\SYSTEM32\dhcpcsvc6.DLL
0x6eb80000 - 0x6eb94000 	C:\windows\SYSTEM32\dhcpcsvc.DLL
0x525c0000 - 0x525d1000 	C:\windows\system32\napinsp.dll
0x520e0000 - 0x520f6000 	C:\windows\system32\pnrpnsp.dll
0x520c0000 - 0x520d4000 	C:\windows\system32\NLAapi.dll
0x6f920000 - 0x6f99e000 	C:\windows\SYSTEM32\DNSAPI.dll
0x6afc0000 - 0x6afca000 	C:\windows\System32\winrnr.dll
0x6eb70000 - 0x6eb78000 	C:\Windows\System32\rasadhlp.dll
0x6bd50000 - 0x6bd96000 	C:\windows\System32\fwpuclnt.dll
0x6a750000 - 0x6a75f000 	C:\Program Files (x86)\Java\jdk1.8.0_131\jre\bin\nio.dll
0x507c0000 - 0x50905000 	C:\Program Files (x86)\Java\jdk1.8.0_131\jre\bin\awt.dll
0x745a0000 - 0x745b9000 	C:\windows\SYSTEM32\CRYPTSP.dll
0x74570000 - 0x745a0000 	C:\windows\system32\rsaenh.dll
0x74550000 - 0x7456e000 	C:\windows\SYSTEM32\bcrypt.dll
0x16d30000 - 0x16d6d000 	C:\Users\postgres\AppData\Local\Temp\jna-postgres\jna9183651145874397514.dll
0x16d70000 - 0x16e13000 	C:\Users\postgres\Documents\NetBeansProjects\APIPrisma\dllrep.dll
0x618e0000 - 0x61a21000 	C:\windows\SYSTEM32\dbghelp.dll

VM Arguments:
jvm_args: -Dfile.encoding=UTF-8 -Xbootclasspath/p:C:\Program Files (x86)\NetBeans 8.2\enterprise\modules\ext\javaee7-endorsed\javax.annotation-api.jar;C:\Program Files (x86)\NetBeans 8.2\enterprise\modules\ext\javaee7-endorsed\javax.xml.soap-api.jar;C:\Program Files (x86)\NetBeans 8.2\enterprise\modules\ext\javaee7-endorsed\jaxb-api-osgi.jar;C:\Program Files (x86)\NetBeans 8.2\enterprise\modules\ext\javaee7-endorsed\jaxws-api.jar;C:\Program Files (x86)\NetBeans 8.2\enterprise\modules\ext\javaee7-endorsed\jsr181-api.jar 
java_command: br.com.Core.AgendamentoJobExecucaoElgin
java_class_path (initial): C:\Users\postgres\Documents\NetBeansProjects\APIPrisma\build\web\WEB-INF\classes;C:\Program Files (x86)\NetBeans 8.2\enterprise\modules\ext\jsf-2_2\javax.faces.jar;C:\Program Files (x86)\NetBeans 8.2\java\modules\ext\eclipselink\eclipselink.jar;C:\Program Files (x86)\NetBeans 8.2\java\modules\ext\eclipselink\javax.persistence_2.1.0.v201304241213.jar;C:\Program Files (x86)\NetBeans 8.2\java\modules\ext\eclipselink\org.eclipse.persistence.jpa.jpql_2.5.2.v20140319-9ad6abd.jar;C:\Users\postgres\Progs2\Pros Desenvolvimento\Java\postgresql-9.3-1103.jdbc3.jar;C:\Users\postgres\Progs2\Pros Desenvolvimento\Java\primefaces-5.3.jar;C:\Users\postgres\Documents\Cliente 8X\Java\Arquivo Jar\lib\TcpCom.jar;C:\Users\postgres\Documents\Cliente 8X\Java\Arquivo Jar\lib\log4j-1.2.15.jar;C:\Users\postgres\Progs2\Pros Desenvolvimento\Java\bootsfaces-0.6.0.jar;C:\Users\postgres\Progs2\Pros Desenvolvimento\Java\com.google.guava_15.0.0.v201403281430.jar;C:\Users\postgres\Downloads\Compressed\poi-3.5-FINAL\poi-3.5-FINAL-20090928.jar;C:\Users\postgres\Downloads\Compressed\poi-3.5-FINAL\poi-ooxml-3.5-FINAL-20090928.jar;C:\Users\postgres\Downloads\Compressed\poi-3.5-FINAL\poi-scratchpad-3.5-FINAL-20090928.jar;C:\Users\postgres\Downloads\Compressed\poi-src-3.8.jar;C:\Users\postgres\Progs2\Pros Desenvolvimento\Java\quartz-2.2.1.jar;C:\Users\postgres\Progs2\Pros Desenvolvimento\Java\javax-inject.jar;C:\Users\postgres\Progs2\Pros Desenvolvimento\Java\slf4j.api-1.6.1.jar;C:\Users\postgres\Progs2\Pros Desenvolvimento\Java\jna-3.5.0.jar;C:\apache-tomcat-9.0.0.M20\lib\annotations-api.jar;C:\apache-tomcat-9.0.0.M20\lib\catalina-ant.jar;C:\apache-tomcat-9.0.0.M20\lib\catalina-ha.jar;C:\apache-tomcat-9.0.0.M20\lib\catalina-storeconfig.jar;C:\apache-tomcat-9.0.0.M20\lib\catalina-tribes.jar;C:\apache-tomcat-9.0.0.M20\lib\catalina.jar;C:\apache-tomcat-9.0.0.M20\lib\ecj-4.6.1.jar;C:\apache-tomcat-9.0.0.M20\lib\el-api.jar;C:\apache-tomcat-9.0.0.M20\lib\jasper-el.jar;C:\apache-tomcat
Launcher Type: SUN_STANDARD

Environment Variables:
PATH=C:\ProgramData\Oracle\Java\javapath;c:\Program Files (x86)\Intel\iCLS Client\;c:\Program Files\Intel\iCLS Client\;C:\windows\system32;C:\windows;C:\windows\System32\Wbem;C:\windows\System32\WindowsPowerShell\v1.0\;C:\Program Files\Intel\Intel(R) Management Engine Components\DAL;C:\Program Files\Intel\Intel(R) Management Engine Components\IPT;C:\Program Files (x86)\Intel\Intel(R) Management Engine Components\DAL;C:\Program Files (x86)\Intel\Intel(R) Management Engine Components\IPT;c:\Program Files\Intel\WiFi\bin\;c:\Program Files\Common Files\Intel\WirelessCommon\;c:\Program Files (x86)\Microsoft SQL Server\90\Tools\binn\;C:\xampp\php;C:\ProgramData\ComposerSetup\bin;C:\Program Files (x86)\Skype\Phone\;c:\Program Files (x86)\Microsoft SQL Server\100\Tools\Binn\;c:\Program Files\Microsoft SQL Server\100\Tools\Binn\;c:\Program Files\Microsoft SQL Server\100\DTS\Binn\;C:\Program Files (x86)\GtkSharp\2.12\bin
USERNAME=postgres
OS=Windows_NT
PROCESSOR_IDENTIFIER=Intel64 Family 6 Model 60 Stepping 3, GenuineIntel



---------------  S Y S T E M  ---------------

OS: Windows 8.1 , 64 bit Build 9600 (6.3.9600.17415)

CPU:total 4 (initial active 4) (4 cores per cpu, 1 threads per core) family 6 model 60 stepping 3, cmov, cx8, fxsr, mmx, sse, sse2, sse3, ssse3, sse4.1, sse4.2, popcnt, avx, avx2, aes, clmul, erms, rtm, lzcnt, tsc, tscinvbit, bmi1, bmi2

Memory: 4k page, physical 8276296k(2581576k free), swap 9587016k(3589840k free)

vm_info: Java HotSpot(TM) Client VM (25.131-b11) for windows-x86 JRE (1.8.0_131-b11), built on Mar 15 2017 01:26:29 by "java_re" with MS VC++ 10.0 (VS2010)

time: Fri May 05 14:33:21 2017
elapsed time: 7 seconds (0d 0h 0m 7s)

